<?xml version="1.0" encoding="UTF-8"?>
<!-- Generated by org.testng.reporters.JUnitReportReporter -->
<testsuite hostname="NGOC-THY-PC" failures="0" tests="2" name="com.saucelap.Level_20_Sort" time="3.526" errors="0" timestamp="28 Sep 2021 07:33:54 GMT">
  <testcase classname="com.saucelap.Level_20_Sort" name="Sort_02" time="0.841"/>
  <testcase classname="com.saucelap.Level_20_Sort" name="Sort_01" time="2.685"/>
</testsuite> <!-- com.saucelap.Level_20_Sort -->
