<?xml version="1.0" encoding="UTF-8"?>
<!-- Generated by org.testng.reporters.JUnitReportReporter -->
<testsuite hostname="NGOC-THY-PC" failures="0" tests="3" name="com.nopcommerce.user.Level_07_Register_Login" time="13.529" errors="0" timestamp="12 Jul 2021 02:59:52 GMT" skipped="0">
  <testcase classname="com.nopcommerce.user.Level_07_Register_Login" name="TC_02_Login" time="4.557"/>
  <testcase classname="com.nopcommerce.user.Level_07_Register_Login" name="TC_03_MyAccount" time="4.185"/>
  <testcase classname="com.nopcommerce.user.Level_07_Register_Login" name="TC_01_Register" time="4.787"/>
</testsuite> <!-- com.nopcommerce.user.Level_07_Register_Login -->
