<?xml version="1.0" encoding="UTF-8"?>
<!-- Generated by org.testng.reporters.JUnitReportReporter -->
<testsuite hostname="NGOC-THY-PC" failures="0" tests="2" name="com.jquery.Level_10_Upload_File" time="10.836" errors="0" timestamp="01 Aug 2021 04:46:02 GMT" skipped="0">
  <testcase classname="com.jquery.Level_10_Upload_File" name="TC_02_Upload_Mutiple_File" time="6.833"/>
  <testcase classname="com.jquery.Level_10_Upload_File" name="TC_01_Upload_One_File" time="4.003"/>
</testsuite> <!-- com.jquery.Level_10_Upload_File -->
