<?xml version="1.0" encoding="UTF-8"?>
<!-- Generated by org.testng.reporters.JUnitReportReporter -->
<testsuite hostname="NGOC-THY-PC" failures="0" tests="4" name="com.nopcommerce.user.Level_06_Register_Login_GeneratorManager" time="23.405" errors="0" timestamp="04 Jul 2021 02:41:47 GMT" skipped="0">
  <testcase classname="com.nopcommerce.user.Level_06_Register_Login_GeneratorManager" name="TC_01_Register" time="5.575"/>
  <testcase classname="com.nopcommerce.user.Level_06_Register_Login_GeneratorManager" name="TC_01_Register" time="5.663"/>
  <testcase classname="com.nopcommerce.user.Level_06_Register_Login_GeneratorManager" name="TC_02_Login" time="6.490"/>
  <testcase classname="com.nopcommerce.user.Level_06_Register_Login_GeneratorManager" name="TC_02_Login" time="5.677"/>
</testsuite> <!-- com.nopcommerce.user.Level_06_Register_Login_GeneratorManager -->
