<?xml version="1.0" encoding="UTF-8"?>
<!-- Generated by org.testng.reporters.JUnitReportReporter -->
<testsuite hostname="LAPTOP-3G3L6V0N" failures="0" tests="1" name="com.nopcommerce.user.User_01_Register_Login" time="0.010" errors="0" timestamp="16 May 2021 06:37:56 GMT" skipped="0">
  <testcase classname="com.nopcommerce.user.User_01_Register_Login" name="TC_01_Register_Empty_Data" time="0.010"/>
</testsuite> <!-- com.nopcommerce.user.User_01_Register_Login -->
