<?xml version="1.0" encoding="UTF-8"?>
<!-- Generated by org.testng.reporters.JUnitReportReporter -->
<testsuite hostname="NGOC-THY-PC" failures="0" tests="1" name="browserCapabilities.Level_23_Browser_Headless" time="11.569" errors="0" timestamp="31 Oct 2021 08:34:44 GMT">
  <testcase classname="browserCapabilities.Level_23_Browser_Headless" name="Employee_01_Add_New_Employee" time="11.569"/>
</testsuite> <!-- browserCapabilities.Level_23_Browser_Headless -->
