<?xml version="1.0" encoding="UTF-8"?>
<!-- Generated by org.testng.reporters.JUnitReportReporter -->
<testsuite hostname="NGOC-THY-PC" failures="0" tests="2" name="com.nopcommerce.user.Level_18_Register_Login_Cookies" time="0.148" errors="0" timestamp="29 Aug 2021 09:08:38 GMT">
  <testcase classname="com.nopcommerce.user.Level_18_Register_Login_Cookies" name="TC_01_" time="0.131"/>
  <testcase classname="com.nopcommerce.user.Level_18_Register_Login_Cookies" name="TC_02_" time="0.017"/>
</testsuite> <!-- com.nopcommerce.user.Level_18_Register_Login_Cookies -->
