<?xml version="1.0" encoding="UTF-8"?>
<!-- Generated by org.testng.reporters.JUnitReportReporter -->
<testsuite hostname="NGOC-THY-PC" failures="0" tests="3" name="com.nopcommerce.user.Level_01_Register_Login_Repeat_Yourself" time="6.906" errors="0" timestamp="21 May 2021 13:30:19 GMT" skipped="0">
  <testcase classname="com.nopcommerce.user.Level_01_Register_Login_Repeat_Yourself" name="TC_02_Login" time="1.481"/>
  <testcase classname="com.nopcommerce.user.Level_01_Register_Login_Repeat_Yourself" name="TC_01_Register" time="4.141"/>
  <testcase classname="com.nopcommerce.user.Level_01_Register_Login_Repeat_Yourself" name="TC_03_MyAccount" time="1.284"/>
</testsuite> <!-- com.nopcommerce.user.Level_01_Register_Login_Repeat_Yourself -->
