<?xml version="1.0" encoding="UTF-8"?>
<!-- Generated by org.testng.reporters.JUnitReportReporter -->
<testsuite hostname="NGOC-THY-PC" failures="0" tests="1" name="browserCapabilities.Level_23_Show_Browser_Log" time="8.499" errors="0" timestamp="1 Nov 2021 09:19:06 GMT">
  <testcase classname="browserCapabilities.Level_23_Show_Browser_Log" name="TC_01_Login" time="8.499"/>
</testsuite> <!-- browserCapabilities.Level_23_Show_Browser_Log -->
