<?xml version="1.0" encoding="UTF-8"?>
<!-- Generated by org.testng.reporters.JUnitReportReporter -->
<testsuite hostname="NGOC-THY-PC" failures="0" tests="2" name="com.nopcommerce.user.Level_15_Register_Login_Log_TestNG" time="17.240" errors="0" timestamp="12 Aug 2021 02:27:53 GMT" skipped="0">
  <testcase classname="com.nopcommerce.user.Level_15_Register_Login_Log_TestNG" name="TC_01_Register" time="8.090"/>
  <testcase classname="com.nopcommerce.user.Level_15_Register_Login_Log_TestNG" name="TC_01_Register" time="9.150"/>
</testsuite> <!-- com.nopcommerce.user.Level_15_Register_Login_Log_TestNG -->
