<?xml version="1.0" encoding="UTF-8"?>
<!-- Generated by org.testng.reporters.JUnitReportReporter -->
<testsuite hostname="NGOC-THY-PC" failures="0" tests="1" name="com.liveguru.user.Level_10_DataTable" time="8.179" errors="0" timestamp="31 Jul 2021 06:39:38 GMT" skipped="0">
  <testcase classname="com.liveguru.user.Level_10_DataTable" name="TC_02_Admin_Check_Register_Success" time="8.179"/>
</testsuite> <!-- com.liveguru.user.Level_10_DataTable -->
