<?xml version="1.0" encoding="UTF-8"?>
<!-- Generated by org.testng.reporters.JUnitReportReporter -->
<testsuite hostname="NGOC-THY-PC" failures="0" tests="12" name="com.liveguru.user.Level_04_Login_Multiple_Browser_POM" time="41.234" errors="0" timestamp="25 Jun 2021 02:43:49 GMT" skipped="2">
  <testcase classname="com.liveguru.user.Level_04_Login_Multiple_Browser_POM" name="TC_02_InvalidEmail" time="6.068"/>
  <testcase classname="com.liveguru.user.Level_04_Login_Multiple_Browser_POM" name="TC_01_EmptyEmailAndPassword" time="2.164"/>
  <testcase classname="com.liveguru.user.Level_04_Login_Multiple_Browser_POM" name="TC_01_EmptyEmailAndPassword" time="8.004"/>
  <testcase classname="com.liveguru.user.Level_04_Login_Multiple_Browser_POM" name="TC_05_IncorrectPassword" time="3.437"/>
  <testcase classname="com.liveguru.user.Level_04_Login_Multiple_Browser_POM" name="TC_03_InvalidPassword" time="4.257"/>
  <testcase classname="com.liveguru.user.Level_04_Login_Multiple_Browser_POM" name="TC_05_IncorrectPassword" time="5.289"/>
  <testcase classname="com.liveguru.user.Level_04_Login_Multiple_Browser_POM" name="TC_06_CorrectEmailAndPassword" time="3.797"/>
  <testcase classname="com.liveguru.user.Level_04_Login_Multiple_Browser_POM" name="TC_06_CorrectEmailAndPassword" time="5.392"/>
  <testcase classname="com.liveguru.user.Level_04_Login_Multiple_Browser_POM" name="TC_02_InvalidEmail" time="1.409"/>
  <testcase classname="com.liveguru.user.Level_04_Login_Multiple_Browser_POM" name="TC_03_InvalidPassword" time="1.417"/>
  <testcase classname="com.liveguru.user.Level_04_Login_Multiple_Browser_POM" name="TC_04_IncorrectEmail">
    <skipped/>
  </testcase> <!-- TC_04_IncorrectEmail -->
  <testcase classname="com.liveguru.user.Level_04_Login_Multiple_Browser_POM" name="TC_04_IncorrectEmail">
    <skipped/>
  </testcase> <!-- TC_04_IncorrectEmail -->
</testsuite> <!-- com.liveguru.user.Level_04_Login_Multiple_Browser_POM -->
