<?xml version="1.0" encoding="UTF-8"?>
<!-- Generated by org.testng.reporters.JUnitReportReporter -->
<testsuite hostname="NGOC-THY-PC" failures="0" tests="1" name="browserCapabilities.Level_23_Disable_Console_Log" time="3.542" errors="0" timestamp="1 Nov 2021 08:07:29 GMT">
  <testcase classname="browserCapabilities.Level_23_Disable_Console_Log" name="TC_01_Login" time="3.542"/>
</testsuite> <!-- browserCapabilities.Level_23_Disable_Console_Log -->
