<?xml version="1.0" encoding="UTF-8"?>
<!-- Generated by org.testng.reporters.JUnitReportReporter -->
<testsuite hostname="NGOC-THY-PC" failures="0" tests="3" name="com.jquery.Level_09_DataTable" time="19.736" errors="0" timestamp="20 Jul 2021 11:21:22 GMT" skipped="0">
  <testcase classname="com.jquery.Level_09_DataTable" name="TC_02_Search_In_Table" time="4.318"/>
  <testcase classname="com.jquery.Level_09_DataTable" name="TC_03_Edit_Remove_Row" time="13.380"/>
  <testcase classname="com.jquery.Level_09_DataTable" name="TC_01_Paging" time="2.038"/>
</testsuite> <!-- com.jquery.Level_09_DataTable -->
