<?xml version="1.0" encoding="UTF-8"?>
<!-- Generated by org.testng.reporters.JUnitReportReporter -->
<testsuite hostname="NGOC-THY-PC" failures="0" tests="3" name="com.nopcommerce.user.Level_02_Register_Login_DRY_Part_II" time="11.309" errors="0" timestamp="31 May 2021 12:53:51 GMT" skipped="0">
  <testcase classname="com.nopcommerce.user.Level_02_Register_Login_DRY_Part_II" name="TC_02_Login" time="2.704"/>
  <testcase classname="com.nopcommerce.user.Level_02_Register_Login_DRY_Part_II" name="TC_03_MyAccount" time="1.282"/>
  <testcase classname="com.nopcommerce.user.Level_02_Register_Login_DRY_Part_II" name="TC_01_Register" time="7.323"/>
</testsuite> <!-- com.nopcommerce.user.Level_02_Register_Login_DRY_Part_II -->
