<?xml version="1.0" encoding="UTF-8"?>
<!-- Generated by org.testng.reporters.JUnitReportReporter -->
<testsuite hostname="NGOC-THY-PC" failures="0" tests="1" name="com.hrm.employee.Level_22_Database_Testing" time="0.858" errors="0" timestamp="30 Oct 2021 11:28:37 GMT">
  <testcase classname="com.hrm.employee.Level_22_Database_Testing" name="TC_01_Verify_DB_With_UI" time="0.858"/>
</testsuite> <!-- com.hrm.employee.Level_22_Database_Testing -->
