<?xml version="1.0" encoding="UTF-8"?>
<!-- Generated by org.testng.reporters.JUnitReportReporter -->
<testsuite hostname="NGOC-THY-PC" failures="0" tests="6" name="com.liveguru.user.Level_03_Login_POM" time="24.964" errors="0" timestamp="14 Jun 2021 07:44:38 GMT" skipped="1">
  <testcase classname="com.liveguru.user.Level_03_Login_POM" name="TC_06_CorrectEmailAndPassword" time="5.926"/>
  <testcase classname="com.liveguru.user.Level_03_Login_POM" name="TC_02_InvalidEmail" time="3.553"/>
  <testcase classname="com.liveguru.user.Level_03_Login_POM" name="TC_01_EmptyEmailAndPassword" time="5.766"/>
  <testcase classname="com.liveguru.user.Level_03_Login_POM" name="TC_03_InvalidPassword" time="4.234"/>
  <testcase classname="com.liveguru.user.Level_03_Login_POM" name="TC_05_IncorrectPassword" time="5.485"/>
  <testcase classname="com.liveguru.user.Level_03_Login_POM" name="TC_04_IncorrectEmail">
    <skipped/>
  </testcase> <!-- TC_04_IncorrectEmail -->
</testsuite> <!-- com.liveguru.user.Level_03_Login_POM -->
