<?xml version="1.0" encoding="UTF-8"?>
<!-- Generated by org.testng.reporters.JUnitReportReporter -->
<testsuite hostname="NGOC-THY-PC" failures="0" tests="2" name="com.nopcommerce.user.Level_03_Register_Login_POM" time="12.221" errors="0" timestamp="06 Jun 2021 00:18:49 GMT" skipped="0">
  <testcase classname="com.nopcommerce.user.Level_03_Register_Login_POM" name="TC_02_Login" time="4.307"/>
  <testcase classname="com.nopcommerce.user.Level_03_Register_Login_POM" name="TC_01_Register" time="7.914"/>
</testsuite> <!-- com.nopcommerce.user.Level_03_Register_Login_POM -->
