<?xml version="1.0" encoding="UTF-8"?>
<!-- Generated by org.testng.reporters.JUnitReportReporter -->
<testsuite hostname="NGOC-THY-PC" failures="0" tests="3" name="com.nopcommerce.user.Level_17_Register_Login_Screenshot_AllureReport" time="22.227" errors="0" timestamp="19 Aug 2021 06:56:34 GMT">
  <testcase classname="com.nopcommerce.user.Level_17_Register_Login_Screenshot_AllureReport" name="TC_02_Login" time="5.368"/>
  <testcase classname="com.nopcommerce.user.Level_17_Register_Login_Screenshot_AllureReport" name="TC_01_Register" time="10.535"/>
  <testcase classname="com.nopcommerce.user.Level_17_Register_Login_Screenshot_AllureReport" name="TC_03_MyAccount" time="6.324"/>
</testsuite> <!-- com.nopcommerce.user.Level_17_Register_Login_Screenshot_AllureReport -->
