<?xml version="1.0" encoding="UTF-8"?>
<!-- Generated by org.testng.reporters.JUnitReportReporter -->
<testsuite hostname="NGOC-THY-PC" failures="0" tests="4" name="com.nopcommerce.user.Level_05_Register_Login_PageObject_FactoryObject" time="22.211" errors="0" timestamp="28 Jun 2021 07:52:26 GMT" skipped="0">
  <testcase classname="com.nopcommerce.user.Level_05_Register_Login_PageObject_FactoryObject" name="TC_01_Register" time="5.496"/>
  <testcase classname="com.nopcommerce.user.Level_05_Register_Login_PageObject_FactoryObject" name="TC_01_Register" time="5.201"/>
  <testcase classname="com.nopcommerce.user.Level_05_Register_Login_PageObject_FactoryObject" name="TC_02_Login" time="6.693"/>
  <testcase classname="com.nopcommerce.user.Level_05_Register_Login_PageObject_FactoryObject" name="TC_02_Login" time="4.821"/>
</testsuite> <!-- com.nopcommerce.user.Level_05_Register_Login_PageObject_FactoryObject -->
