<?xml version="1.0" encoding="UTF-8"?>
<!-- Generated by org.testng.reporters.JUnitReportReporter -->
<testsuite hostname="NGOC-THY-PC" failures="0" tests="3" name="com.jquery.Level_11_Global_Timeout" time="4.205" errors="0" timestamp="31 Jul 2021 08:22:05 GMT" skipped="0">
  <testcase classname="com.jquery.Level_11_Global_Timeout" name="TC_02_Element_In_Dom_And_Not_In_UI" time="0.115"/>
  <testcase classname="com.jquery.Level_11_Global_Timeout" name="TC_03_Element_Not_In_Dom_And_Not_UI" time="3.338"/>
  <testcase classname="com.jquery.Level_11_Global_Timeout" name="TC_01_Element_In_Dom_And_UI" time="0.752"/>
</testsuite> <!-- com.jquery.Level_11_Global_Timeout -->
