<?xml version="1.0" encoding="UTF-8"?>
<!-- Generated by org.testng.reporters.JUnitReportReporter -->
<testsuite hostname="NGOC-THY-PC" failures="0" tests="3" name="testNG.CloseBrowserAndDriver" time="15.649" errors="0" timestamp="24 Nov 2021 06:33:08 GMT" skipped="0">
  <testcase classname="testNG.CloseBrowserAndDriver" name="TC_01_Register" time="5.327"/>
  <testcase classname="testNG.CloseBrowserAndDriver" name="TC_03_MyAccount" time="6.121"/>
  <testcase classname="testNG.CloseBrowserAndDriver" name="TC_02_Login" time="4.201"/>
</testsuite> <!-- testNG.CloseBrowserAndDriver -->
